<?xml version="1.0" encoding="UTF-8"?>
<testsuites>
  <testsuite name="D:\projects\php\tina4php-mssql\tests" tests="5" assertions="7" errors="0" warnings="0" failures="0" skipped="0" time="0.438986">
    <testsuite name="DataMSSQLTest" file="D:\projects\php\tina4php-mssql\tests\DataMSSQLTest.php" tests="5" assertions="7" errors="0" warnings="0" failures="0" skipped="0" time="0.438986">
      <testcase name="testOpen" class="DataMSSQLTest" classname="DataMSSQLTest" file="D:\projects\php\tina4php-mssql\tests\DataMSSQLTest.php" line="23" assertions="1" time="0.052815"/>
      <testcase name="testTableExists" class="DataMSSQLTest" classname="DataMSSQLTest" file="D:\projects\php\tina4php-mssql\tests\DataMSSQLTest.php" line="28" assertions="2" time="0.033330"/>
      <testcase name="testDropCreateTable" class="DataMSSQLTest" classname="DataMSSQLTest" file="D:\projects\php\tina4php-mssql\tests\DataMSSQLTest.php" line="36" assertions="1" time="0.072957"/>
      <testcase name="testRead" class="DataMSSQLTest" classname="DataMSSQLTest" file="D:\projects\php\tina4php-mssql\tests\DataMSSQLTest.php" line="56" assertions="1" time="0.050912"/>
      <testcase name="testGetDatabase" class="DataMSSQLTest" classname="DataMSSQLTest" file="D:\projects\php\tina4php-mssql\tests\DataMSSQLTest.php" line="64" assertions="2" time="0.228971"/>
    </testsuite>
  </testsuite>
</testsuites>
